<?xml version="1.0" encoding="UTF-8"?>
<testsuite xmlns:xsi="http://www.w3.org/2001/XMLSchema-instance" xsi:noNamespaceSchemaLocation="https://maven.apache.org/surefire/maven-surefire-plugin/xsd/surefire-test-report.xsd" name="com.pratik.location.LocationwebApplicationTests" time="16.643" tests="1" errors="1" skipped="0" failures="0">
  <properties>
[...]
</properties>
  <testcase name="deleteLocation" classname="com.pratik.location.LocationwebApplicationTests" time="0.49">
    <error message="No value present" type="java.util.NoSuchElementException">java.util.NoSuchElementException: No value present
	at com.pratik.location.LocationwebApplicationTests.deleteLocation(LocationwebApplicationTests.java:44)
</error>
    <system-out><![CDATA[23:26:12.825 [main] DEBUG org.springframework.test.context.junit4.SpringJUnit4ClassRunner - SpringJUnit4ClassRunner constructor called with [class com.pratik.location.LocationwebApplicationTests]
23:26:12.835 [main] DEBUG org.springframework.test.context.BootstrapUtils - Instantiating CacheAwareContextLoaderDelegate from class [org.springframework.test.context.cache.DefaultCacheAwareContextLoaderDelegate]
23:26:12.870 [main] DEBUG org.springframework.test.context.BootstrapUtils - Instantiating BootstrapContext using constructor [public org.springframework.test.context.support.DefaultBootstrapContext(java.lang.Class,org.springframework.test.context.CacheAwareContextLoaderDelegate)]
23:26:12.900 [main] DEBUG org.springframework.test.context.BootstrapUtils - Instantiating TestContextBootstrapper for test class [com.pratik.location.LocationwebApplicationTests] from class [org.springframework.boot.test.context.SpringBootTestContextBootstrapper]
23:26:12.930 [main] INFO org.springframework.boot.test.context.SpringBootTestContextBootstrapper - Neither @ContextConfiguration nor @ContextHierarchy found for test class [com.pratik.location.LocationwebApplicationTests], using SpringBootContextLoader
23:26:12.935 [main] DEBUG org.springframework.test.context.support.AbstractContextLoader - Did not detect default resource location for test class [com.pratik.location.LocationwebApplicationTests]: class path resource [com/pratik/location/LocationwebApplicationTests-context.xml] does not exist
23:26:12.935 [main] DEBUG org.springframework.test.context.support.AbstractContextLoader - Did not detect default resource location for test class [com.pratik.location.LocationwebApplicationTests]: class path resource [com/pratik/location/LocationwebApplicationTestsContext.groovy] does not exist
23:26:12.935 [main] INFO org.springframework.test.context.support.AbstractContextLoader - Could not detect default resource locations for test class [com.pratik.location.LocationwebApplicationTests]: no resource found for suffixes {-context.xml, Context.groovy}.
23:26:12.945 [main] INFO org.springframework.test.context.support.AnnotationConfigContextLoaderUtils - Could not detect default configuration classes for test class [com.pratik.location.LocationwebApplicationTests]: LocationwebApplicationTests does not declare any static, non-private, non-final, nested classes annotated with @Configuration.
23:26:13.029 [main] DEBUG org.springframework.test.context.support.ActiveProfilesUtils - Could not find an 'annotation declaring class' for annotation type [org.springframework.test.context.ActiveProfiles] and class [com.pratik.location.LocationwebApplicationTests]
23:26:13.225 [main] DEBUG org.springframework.context.annotation.ClassPathScanningCandidateComponentProvider - Identified candidate component class: file [G:\spring\locationweb\target\classes\com\pratik\location\LocationwebApplication.class]
23:26:13.230 [main] INFO org.springframework.boot.test.context.SpringBootTestContextBootstrapper - Found @SpringBootConfiguration com.pratik.location.LocationwebApplication for test class com.pratik.location.LocationwebApplicationTests
23:26:13.536 [main] DEBUG org.springframework.boot.test.context.SpringBootTestContextBootstrapper - @TestExecutionListeners is not present for class [com.pratik.location.LocationwebApplicationTests]: using defaults.
23:26:13.541 [main] INFO org.springframework.boot.test.context.SpringBootTestContextBootstrapper - Loaded default TestExecutionListener class names from location [META-INF/spring.factories]: [org.springframework.boot.test.mock.mockito.MockitoTestExecutionListener, org.springframework.boot.test.mock.mockito.ResetMocksTestExecutionListener, org.springframework.boot.test.autoconfigure.restdocs.RestDocsTestExecutionListener, org.springframework.boot.test.autoconfigure.web.client.MockRestServiceServerResetTestExecutionListener, org.springframework.boot.test.autoconfigure.web.servlet.MockMvcPrintOnlyOnFailureTestExecutionListener, org.springframework.boot.test.autoconfigure.web.servlet.WebDriverTestExecutionListener, org.springframework.test.context.web.ServletTestExecutionListener, org.springframework.test.context.support.DirtiesContextBeforeModesTestExecutionListener, org.springframework.test.context.support.DependencyInjectionTestExecutionListener, org.springframework.test.context.support.DirtiesContextTestExecutionListener, org.springframework.test.context.transaction.TransactionalTestExecutionListener, org.springframework.test.context.jdbc.SqlScriptsTestExecutionListener]
23:26:13.586 [main] INFO org.springframework.boot.test.context.SpringBootTestContextBootstrapper - Using TestExecutionListeners: [org.springframework.test.context.web.ServletTestExecutionListener@4c12331b, org.springframework.test.context.support.DirtiesContextBeforeModesTestExecutionListener@7586beff, org.springframework.boot.test.mock.mockito.MockitoTestExecutionListener@3b69e7d1, org.springframework.boot.test.autoconfigure.SpringBootDependencyInjectionTestExecutionListener@815b41f, org.springframework.test.context.support.DirtiesContextTestExecutionListener@5542c4ed, org.springframework.test.context.transaction.TransactionalTestExecutionListener@1573f9fc, org.springframework.test.context.jdbc.SqlScriptsTestExecutionListener@6150c3ec, org.springframework.boot.test.mock.mockito.ResetMocksTestExecutionListener@44c03695, org.springframework.boot.test.autoconfigure.restdocs.RestDocsTestExecutionListener@7e6f74c, org.springframework.boot.test.autoconfigure.web.client.MockRestServiceServerResetTestExecutionListener@dd05255, org.springframework.boot.test.autoconfigure.web.servlet.MockMvcPrintOnlyOnFailureTestExecutionListener@6a78afa0, org.springframework.boot.test.autoconfigure.web.servlet.WebDriverTestExecutionListener@2f4948e4]
23:26:13.591 [main] DEBUG org.springframework.test.annotation.ProfileValueUtils - Retrieved @ProfileValueSourceConfiguration [null] for test class [com.pratik.location.LocationwebApplicationTests]
23:26:13.591 [main] DEBUG org.springframework.test.annotation.ProfileValueUtils - Retrieved ProfileValueSource type [class org.springframework.test.annotation.SystemProfileValueSource] for class [com.pratik.location.LocationwebApplicationTests]
23:26:13.596 [main] DEBUG org.springframework.test.annotation.ProfileValueUtils - Retrieved @ProfileValueSourceConfiguration [null] for test class [com.pratik.location.LocationwebApplicationTests]
23:26:13.596 [main] DEBUG org.springframework.test.annotation.ProfileValueUtils - Retrieved ProfileValueSource type [class org.springframework.test.annotation.SystemProfileValueSource] for class [com.pratik.location.LocationwebApplicationTests]
23:26:13.596 [main] DEBUG org.springframework.test.annotation.ProfileValueUtils - Retrieved @ProfileValueSourceConfiguration [null] for test class [com.pratik.location.LocationwebApplicationTests]
23:26:13.596 [main] DEBUG org.springframework.test.annotation.ProfileValueUtils - Retrieved ProfileValueSource type [class org.springframework.test.annotation.SystemProfileValueSource] for class [com.pratik.location.LocationwebApplicationTests]
23:26:13.658 [main] DEBUG org.springframework.test.context.support.AbstractDirtiesContextTestExecutionListener - Before test class: context [DefaultTestContext@3857f613 testClass = LocationwebApplicationTests, testInstance = [null], testMethod = [null], testException = [null], mergedContextConfiguration = [WebMergedContextConfiguration@198b6731 testClass = LocationwebApplicationTests, locations = '{}', classes = '{class com.pratik.location.LocationwebApplication}', contextInitializerClasses = '[]', activeProfiles = '{}', propertySourceLocations = '{}', propertySourceProperties = '{org.springframework.boot.test.context.SpringBootTestContextBootstrapper=true}', contextCustomizers = set[org.springframework.boot.test.context.filter.ExcludeFilterContextCustomizer@10d59286, org.springframework.boot.test.json.DuplicateJsonObjectContextCustomizerFactory$DuplicateJsonObjectContextCustomizer@6dde5c8c, org.springframework.boot.test.mock.mockito.MockitoContextCustomizer@0, org.springframework.boot.test.web.client.TestRestTemplateContextCustomizer@6483f5ae, org.springframework.boot.test.autoconfigure.properties.PropertyMappingContextCustomizer@0, org.springframework.boot.test.autoconfigure.web.servlet.WebDriverContextCustomizerFactory$Customizer@1cab0bfb], resourceBasePath = 'src/main/webapp', contextLoader = 'org.springframework.boot.test.context.SpringBootContextLoader', parent = [null]], attributes = map['org.springframework.test.context.web.ServletTestExecutionListener.activateListener' -> true]], class annotated with @DirtiesContext [false] with mode [null].
23:26:13.663 [main] DEBUG org.springframework.test.annotation.ProfileValueUtils - Retrieved @ProfileValueSourceConfiguration [null] for test class [com.pratik.location.LocationwebApplicationTests]
23:26:13.664 [main] DEBUG org.springframework.test.annotation.ProfileValueUtils - Retrieved ProfileValueSource type [class org.springframework.test.annotation.SystemProfileValueSource] for class [com.pratik.location.LocationwebApplicationTests]
23:26:13.721 [main] DEBUG org.springframework.test.context.support.TestPropertySourceUtils - Adding inlined properties to environment: {spring.jmx.enabled=false, org.springframework.boot.test.context.SpringBootTestContextBootstrapper=true, server.port=-1}

  .   ____          _            __ _ _
 /\\ / ___'_ __ _ _(_)_ __  __ _ \ \ \ \
( ( )\___ | '_ | '_| | '_ \/ _` | \ \ \ \
 \\/  ___)| |_)| | | | | || (_| |  ) ) ) )
  '  |____| .__|_| |_|_| |_\__, | / / / /
 =========|_|==============|___/=/_/_/_/
 :: Spring Boot ::        (v2.1.4.RELEASE)

2019-05-08 23:26:14.708  INFO 19668 --- [           main] c.p.l.LocationwebApplicationTests        : Starting LocationwebApplicationTests on MES-LT-172 with PID 19668 (started by pnehate in G:\spring\locationweb)
2019-05-08 23:26:14.708  INFO 19668 --- [           main] c.p.l.LocationwebApplicationTests        : No active profile set, falling back to default profiles: default
2019-05-08 23:26:17.574  INFO 19668 --- [           main] .s.d.r.c.RepositoryConfigurationDelegate : Bootstrapping Spring Data repositories in DEFAULT mode.
2019-05-08 23:26:17.865  INFO 19668 --- [           main] .s.d.r.c.RepositoryConfigurationDelegate : Finished Spring Data repository scanning in 267ms. Found 3 repository interfaces.
2019-05-08 23:26:18.845  INFO 19668 --- [           main] trationDelegate$BeanPostProcessorChecker : Bean 'org.springframework.transaction.annotation.ProxyTransactionManagementConfiguration' of type [org.springframework.transaction.annotation.ProxyTransactionManagementConfiguration$$EnhancerBySpringCGLIB$$62fc8654] is not eligible for getting processed by all BeanPostProcessors (for example: not eligible for auto-proxying)
2019-05-08 23:26:19.484  INFO 19668 --- [           main] com.zaxxer.hikari.HikariDataSource       : HikariPool-1 - Starting...
2019-05-08 23:26:20.886  INFO 19668 --- [           main] com.zaxxer.hikari.pool.PoolBase          : HikariPool-1 - Driver does not support get/set network timeout for connections. (This operation is not supported.)
2019-05-08 23:26:21.032  INFO 19668 --- [           main] com.zaxxer.hikari.HikariDataSource       : HikariPool-1 - Start completed.
2019-05-08 23:26:21.288  INFO 19668 --- [           main] o.hibernate.jpa.internal.util.LogHelper  : HHH000204: Processing PersistenceUnitInfo [
	name: default
	...]
2019-05-08 23:26:21.502  INFO 19668 --- [           main] org.hibernate.Version                    : HHH000412: Hibernate Core {5.3.9.Final}
2019-05-08 23:26:21.507  INFO 19668 --- [           main] org.hibernate.cfg.Environment            : HHH000206: hibernate.properties not found
2019-05-08 23:26:21.983  INFO 19668 --- [           main] o.hibernate.annotations.common.Version   : HCANN000001: Hibernate Commons Annotations {5.0.4.Final}
2019-05-08 23:26:22.359  INFO 19668 --- [           main] org.hibernate.dialect.Dialect            : HHH000400: Using dialect: org.hibernate.dialect.SQLServer2012Dialect
2019-05-08 23:26:24.471  INFO 19668 --- [           main] j.LocalContainerEntityManagerFactoryBean : Initialized JPA EntityManagerFactory for persistence unit 'default'
2019-05-08 23:26:26.740  INFO 19668 --- [           main] o.s.s.concurrent.ThreadPoolTaskExecutor  : Initializing ExecutorService 'applicationTaskExecutor'
2019-05-08 23:26:27.014  WARN 19668 --- [           main] aWebConfiguration$JpaWebMvcConfiguration : spring.jpa.open-in-view is enabled by default. Therefore, database queries may be performed during view rendering. Explicitly configure spring.jpa.open-in-view to disable this warning
2019-05-08 23:26:28.193  INFO 19668 --- [           main] c.p.l.LocationwebApplicationTests        : Started LocationwebApplicationTests in 14.427 seconds (JVM running for 16.91)
Hibernate: select location0_.id as id1_1_0_, location0_.code as code2_1_0_, location0_.name as name3_1_0_, location0_.type as type4_1_0_ from location location0_ where location0_.id=?
]]></system-out>
  </testcase>
</testsuite>